#
# There is insufficient memory for the Java Runtime Environment to continue.
# Native memory allocation (malloc) failed to allocate 1179920 bytes for Chunk::new
# Possible reasons:
#   The system is out of physical RAM or swap space
#   The process is running with CompressedOops enabled, and the Java Heap may be blocking the growth of the native heap
# Possible solutions:
#   Reduce memory load on the system
#   Increase physical memory or swap space
#   Check if swap backing store is full
#   Decrease Java heap size (-Xmx/-Xms)
#   Decrease number of Java threads
#   Decrease Java thread stack sizes (-Xss)
#   Set larger code cache with -XX:ReservedCodeCacheSize=
#   JVM is running with Unscaled Compressed Oops mode in which the Java heap is
#     placed in the first 4GB address space. The Java Heap base address is the
#     maximum limit for the native heap growth. Please use -XX:HeapBaseMinAddress
#     to set the Java Heap base and to place the Java Heap above 4GB virtual address.
# This output file may be truncated or incomplete.
#
#  Out of Memory Error (arena.cpp:168), pid=6608, tid=9492
#
# JRE version: OpenJDK Runtime Environment Temurin-21.0.1+12 (21.0.1+12) (build 21.0.1+12-LTS)
# Java VM: OpenJDK 64-Bit Server VM Temurin-21.0.1+12 (21.0.1+12-LTS, mixed mode, sharing, tiered, compressed oops, compressed class ptrs, g1 gc, windows-amd64)
# No core dump will be written. Minidumps are not enabled by default on client versions of Windows
#

---------------  S U M M A R Y ------------

Command Line: -ea -Didea.test.cyclic.buffer.size=1048576 -javaagent:C:\Program Files\JetBrains\IntelliJ IDEA 2022.1.2\lib\idea_rt.jar=64626:C:\Program Files\JetBrains\IntelliJ IDEA 2022.1.2\bin -Dfile.encoding=UTF-8 com.intellij.rt.junit.JUnitStarter -ideVersion5 -junit5 com.generation.blogpessoal.controller.UsuarioControllerTest,deveCriarUmUsuario

Host: Intel(R) Core(TM) i5-7200U CPU @ 2.50GHz, 4 cores, 7G,  Windows 10 , 64 bit Build 19041 (10.0.19041.3636)
Time: Mon Jan 29 11:03:46 2024 Hora oficial do Brasil elapsed time: 24.124319 seconds (0d 0h 0m 24s)

---------------  T H R E A D  ---------------

Current thread (0x0000023cbf87b790):  JavaThread "C2 CompilerThread0" daemon [_thread_in_native, id=9492, stack(0x000000f8bec00000,0x000000f8bed00000) (1024K)]


Current CompileTask:
C2:  24124 5778   !   4       org.springframework.util.ReflectionUtils::getDeclaredMethods (183 bytes)

Stack: [0x000000f8bec00000,0x000000f8bed00000]
Native frames: (J=compiled Java code, j=interpreted, Vv=VM code, C=native code)
V  [jvm.dll+0x6c7789]
V  [jvm.dll+0x8a2011]
V  [jvm.dll+0x8a44ae]
V  [jvm.dll+0x8a4b83]
V  [jvm.dll+0x27f936]
V  [jvm.dll+0xc498d]
V  [jvm.dll+0xc4ea3]
V  [jvm.dll+0x3b375c]
V  [jvm.dll+0x380225]
V  [jvm.dll+0x37f68a]
V  [jvm.dll+0x247ef0]
V  [jvm.dll+0x2474cf]
V  [jvm.dll+0x1c8ae1]
V  [jvm.dll+0x256c69]
V  [jvm.dll+0x25523a]
V  [jvm.dll+0x3ecc86]
V  [jvm.dll+0x84af3b]
V  [jvm.dll+0x6c5ebd]
C  [ucrtbase.dll+0x21bb2]
C  [KERNEL32.DLL+0x17344]
C  [ntdll.dll+0x526b1]


---------------  P R O C E S S  ---------------

Threads class SMR info:
_java_thread_list=0x0000023d0939f950, length=18, elements={
0x0000023ca1394b80, 0x0000023cbf8717e0, 0x0000023cbf8738c0, 0x0000023cbf878780,
0x0000023cbf8791e0, 0x0000023cbf879fa0, 0x0000023cbf87aa00, 0x0000023cbf87b790,
0x0000023cbf87e3f0, 0x0000023cbfab2060, 0x0000023cbfb5c170, 0x0000023cbfb410d0,
0x0000023d08472580, 0x0000023d05a36bb0, 0x0000023d0883aac0, 0x0000023d0883d8b0,
0x0000023d0883b150, 0x0000023d05cb26c0
}

Java Threads: ( => current thread )
  0x0000023ca1394b80 JavaThread "main"                              [_thread_in_vm, id=11320, stack(0x000000f8bde00000,0x000000f8bdf00000) (1024K)]
  0x0000023cbf8717e0 JavaThread "Reference Handler"          daemon [_thread_blocked, id=12328, stack(0x000000f8be600000,0x000000f8be700000) (1024K)]
  0x0000023cbf8738c0 JavaThread "Finalizer"                  daemon [_thread_blocked, id=192, stack(0x000000f8be700000,0x000000f8be800000) (1024K)]
  0x0000023cbf878780 JavaThread "Signal Dispatcher"          daemon [_thread_blocked, id=9524, stack(0x000000f8be800000,0x000000f8be900000) (1024K)]
  0x0000023cbf8791e0 JavaThread "Attach Listener"            daemon [_thread_blocked, id=2420, stack(0x000000f8be900000,0x000000f8bea00000) (1024K)]
  0x0000023cbf879fa0 JavaThread "Service Thread"             daemon [_thread_blocked, id=12892, stack(0x000000f8bea00000,0x000000f8beb00000) (1024K)]
  0x0000023cbf87aa00 JavaThread "Monitor Deflation Thread"   daemon [_thread_blocked, id=1732, stack(0x000000f8beb00000,0x000000f8bec00000) (1024K)]
=>0x0000023cbf87b790 JavaThread "C2 CompilerThread0"         daemon [_thread_in_native, id=9492, stack(0x000000f8bec00000,0x000000f8bed00000) (1024K)]
  0x0000023cbf87e3f0 JavaThread "C1 CompilerThread0"         daemon [_thread_blocked, id=6240, stack(0x000000f8bed00000,0x000000f8bee00000) (1024K)]
  0x0000023cbfab2060 JavaThread "Common-Cleaner"             daemon [_thread_blocked, id=6600, stack(0x000000f8bee00000,0x000000f8bef00000) (1024K)]
  0x0000023cbfb5c170 JavaThread "Monitor Ctrl-Break"         daemon [_thread_in_native, id=8384, stack(0x000000f8bef00000,0x000000f8bf000000) (1024K)]
  0x0000023cbfb410d0 JavaThread "Notification Thread"        daemon [_thread_blocked, id=4780, stack(0x000000f8bf000000,0x000000f8bf100000) (1024K)]
  0x0000023d08472580 JavaThread "mysql-cj-abandoned-connection-cleanup" daemon [_thread_blocked, id=2456, stack(0x000000f8bf500000,0x000000f8bf600000) (1024K)]
  0x0000023d05a36bb0 JavaThread "HikariPool-1 housekeeper"   daemon [_thread_blocked, id=10508, stack(0x000000f8bf600000,0x000000f8bf700000) (1024K)]
  0x0000023d0883aac0 JavaThread "Catalina-utility-1"                [_thread_blocked, id=10604, stack(0x000000f8bf700000,0x000000f8bf800000) (1024K)]
  0x0000023d0883d8b0 JavaThread "Catalina-utility-2"                [_thread_blocked, id=6168, stack(0x000000f8bf800000,0x000000f8bf900000) (1024K)]
  0x0000023d0883b150 JavaThread "container-0"                       [_thread_blocked, id=5428, stack(0x000000f8bf900000,0x000000f8bfa00000) (1024K)]
  0x0000023d05cb26c0 JavaThread "C2 CompilerThread1"         daemon [_thread_in_native, id=10420, stack(0x000000f8bf400000,0x000000f8bf500000) (1024K)]
Total: 18

Other Threads:
  0x0000023ca137a5e0 VMThread "VM Thread"                           [id=12844, stack(0x000000f8be500000,0x000000f8be600000) (1024K)]
  0x0000023cbf83cfb0 WatcherThread "VM Periodic Task Thread"        [id=1840, stack(0x000000f8be400000,0x000000f8be500000) (1024K)]
  0x0000023ca137a240 WorkerThread "GC Thread#0"                     [id=6084, stack(0x000000f8bdf00000,0x000000f8be000000) (1024K)]
  0x0000023ca137a980 WorkerThread "GC Thread#1"                     [id=7748, stack(0x000000f8bf100000,0x000000f8bf200000) (1024K)]
  0x0000023ca137ad20 WorkerThread "GC Thread#2"                     [id=11008, stack(0x000000f8bf200000,0x000000f8bf300000) (1024K)]
  0x0000023ca137b0c0 WorkerThread "GC Thread#3"                     [id=7052, stack(0x000000f8bf300000,0x000000f8bf400000) (1024K)]
  0x0000023ca1449f40 ConcurrentGCThread "G1 Main Marker"            [id=12484, stack(0x000000f8be000000,0x000000f8be100000) (1024K)]
  0x0000023ca1379ea0 WorkerThread "G1 Conc#0"                       [id=4824, stack(0x000000f8be100000,0x000000f8be200000) (1024K)]
  0x0000023cbf6fe120 ConcurrentGCThread "G1 Refine#0"               [id=11244, stack(0x000000f8be200000,0x000000f8be300000) (1024K)]
  0x0000023cbf6fec90 ConcurrentGCThread "G1 Service"                [id=5572, stack(0x000000f8be300000,0x000000f8be400000) (1024K)]
Total: 10

Threads with active compile tasks:
C2 CompilerThread0    24188 5778   !   4       org.springframework.util.ReflectionUtils::getDeclaredMethods (183 bytes)
C2 CompilerThread1    24189 5779       4       org.springframework.util.ReflectionUtils::findMethod (109 bytes)
Total: 2

VM state: not at safepoint (normal execution)

VM Mutex/Monitor currently owned by a thread: None

Heap address: 0x0000000081e00000, size: 2018 MB, Compressed Oops mode: 32-bit

CDS archive(s) mapped at: [0x0000023cc0000000-0x0000023cc0c90000-0x0000023cc0c90000), size 13172736, SharedBaseAddress: 0x0000023cc0000000, ArchiveRelocationMode: 1.
Compressed class space mapped at: 0x0000023cc1000000-0x0000023d01000000, reserved size: 1073741824
Narrow klass base: 0x0000023cc0000000, Narrow klass shift: 0, Narrow klass range: 0x100000000

GC Precious Log:
 CardTable entry size: 512
 Card Set container configuration: InlinePtr #cards 5 size 8 Array Of Cards #cards 12 size 40 Howl #buckets 4 coarsen threshold 1843 Howl Bitmap #cards 512 size 80 coarsen threshold 460 Card regions per heap region 1 cards per card region 2048
 CPUs: 4 total, 4 available
 Memory: 8066M
 Large Page Support: Disabled
 NUMA Support: Disabled
 Compressed Oops: Enabled (32-bit)
 Heap Region Size: 1M
 Heap Min Capacity: 8M
 Heap Initial Capacity: 128M
 Heap Max Capacity: 2018M
 Pre-touch: Disabled
 Parallel Workers: 4
 Concurrent Workers: 1
 Concurrent Refinement Workers: 4
 Periodic GC: Disabled

Heap:
 garbage-first heap   total 55296K, used 34468K [0x0000000081e00000, 0x0000000100000000)
  region size 1024K, 9 young (9216K), 3 survivors (3072K)
 Metaspace       used 69160K, committed 69824K, reserved 1114112K
  class space    used 9543K, committed 9792K, reserved 1048576K

Heap Regions: E=young(eden), S=young(survivor), O=old, HS=humongous(starts), HC=humongous(continues), CS=collection set, F=free, TAMS=top-at-mark-start, PB=parsable bottom
|   0|0x0000000081e00000, 0x0000000081f00000, 0x0000000081f00000|100%|HS|  |TAMS 0x0000000081e00000| PB 0x0000000081e00000| Complete 
|   1|0x0000000081f00000, 0x0000000082000000, 0x0000000082000000|100%| O|  |TAMS 0x0000000081f00000| PB 0x0000000081f00000| Untracked 
|   2|0x0000000082000000, 0x0000000082100000, 0x0000000082100000|100%| O|  |TAMS 0x0000000082000000| PB 0x0000000082000000| Untracked 
|   3|0x0000000082100000, 0x0000000082200000, 0x0000000082200000|100%| O|  |TAMS 0x0000000082100000| PB 0x0000000082100000| Untracked 
|   4|0x0000000082200000, 0x0000000082300000, 0x0000000082300000|100%| O|  |TAMS 0x0000000082200000| PB 0x0000000082200000| Untracked 
|   5|0x0000000082300000, 0x0000000082400000, 0x0000000082400000|100%| O|  |TAMS 0x0000000082300000| PB 0x0000000082300000| Untracked 
|   6|0x0000000082400000, 0x0000000082500000, 0x0000000082500000|100%| O|  |TAMS 0x0000000082400000| PB 0x0000000082400000| Untracked 
|   7|0x0000000082500000, 0x0000000082600000, 0x0000000082600000|100%| O|  |TAMS 0x0000000082500000| PB 0x0000000082500000| Untracked 
|   8|0x0000000082600000, 0x0000000082700000, 0x0000000082700000|100%| O|  |TAMS 0x0000000082600000| PB 0x0000000082600000| Untracked 
|   9|0x0000000082700000, 0x0000000082800000, 0x0000000082800000|100%| O|  |TAMS 0x0000000082700000| PB 0x0000000082700000| Untracked 
|  10|0x0000000082800000, 0x0000000082900000, 0x0000000082900000|100%| O|  |TAMS 0x0000000082800000| PB 0x0000000082800000| Untracked 
|  11|0x0000000082900000, 0x0000000082a00000, 0x0000000082a00000|100%| O|  |TAMS 0x0000000082900000| PB 0x0000000082900000| Untracked 
|  12|0x0000000082a00000, 0x0000000082b00000, 0x0000000082b00000|100%| O|  |TAMS 0x0000000082a00000| PB 0x0000000082a00000| Untracked 
|  13|0x0000000082b00000, 0x0000000082c00000, 0x0000000082c00000|100%| O|Cm|TAMS 0x0000000082b00000| PB 0x0000000082b00000| Complete 
|  14|0x0000000082c00000, 0x0000000082d00000, 0x0000000082d00000|100%| O|  |TAMS 0x0000000082c00000| PB 0x0000000082c00000| Untracked 
|  15|0x0000000082d00000, 0x0000000082d00000, 0x0000000082e00000|  0%| F|  |TAMS 0x0000000082d00000| PB 0x0000000082d00000| Untracked 
|  16|0x0000000082e00000, 0x0000000082f00000, 0x0000000082f00000|100%| O|  |TAMS 0x0000000082e00000| PB 0x0000000082e00000| Untracked 
|  17|0x0000000082f00000, 0x0000000083000000, 0x0000000083000000|100%| O|  |TAMS 0x0000000082f00000| PB 0x0000000082f00000| Untracked 
|  18|0x0000000083000000, 0x0000000083100000, 0x0000000083100000|100%| O|  |TAMS 0x0000000083000000| PB 0x0000000083000000| Untracked 
|  19|0x0000000083100000, 0x0000000083200000, 0x0000000083200000|100%| O|  |TAMS 0x0000000083100000| PB 0x0000000083100000| Untracked 
|  20|0x0000000083200000, 0x0000000083300000, 0x0000000083300000|100%| O|  |TAMS 0x0000000083200000| PB 0x0000000083200000| Untracked 
|  21|0x0000000083300000, 0x0000000083400000, 0x0000000083400000|100%| O|  |TAMS 0x0000000083300000| PB 0x0000000083300000| Untracked 
|  22|0x0000000083400000, 0x0000000083500000, 0x0000000083500000|100%| O|  |TAMS 0x0000000083400000| PB 0x0000000083400000| Untracked 
|  23|0x0000000083500000, 0x0000000083600000, 0x0000000083600000|100%| O|  |TAMS 0x0000000083500000| PB 0x0000000083500000| Untracked 
|  24|0x0000000083600000, 0x0000000083700000, 0x0000000083700000|100%| O|  |TAMS 0x0000000083600000| PB 0x0000000083600000| Untracked 
|  25|0x0000000083700000, 0x0000000083800000, 0x0000000083800000|100%| O|  |TAMS 0x0000000083700000| PB 0x0000000083700000| Untracked 
|  26|0x0000000083800000, 0x0000000083900000, 0x0000000083900000|100%| O|  |TAMS 0x0000000083800000| PB 0x0000000083800000| Untracked 
|  27|0x0000000083900000, 0x0000000083900000, 0x0000000083a00000|  0%| F|  |TAMS 0x0000000083900000| PB 0x0000000083900000| Untracked 
|  28|0x0000000083a00000, 0x0000000083a00000, 0x0000000083b00000|  0%| F|  |TAMS 0x0000000083a00000| PB 0x0000000083a00000| Untracked 
|  29|0x0000000083b00000, 0x0000000083b9b7d0, 0x0000000083c00000| 60%| S|CS|TAMS 0x0000000083b00000| PB 0x0000000083b00000| Complete 
|  30|0x0000000083c00000, 0x0000000083c0dba8, 0x0000000083d00000|  5%| O|  |TAMS 0x0000000083c00000| PB 0x0000000083c00000| Untracked 
|  31|0x0000000083d00000, 0x0000000083e00000, 0x0000000083e00000|100%| S|CS|TAMS 0x0000000083d00000| PB 0x0000000083d00000| Complete 
|  32|0x0000000083e00000, 0x0000000083f00000, 0x0000000083f00000|100%| S|CS|TAMS 0x0000000083e00000| PB 0x0000000083e00000| Complete 
|  33|0x0000000083f00000, 0x0000000083f00000, 0x0000000084000000|  0%| F|  |TAMS 0x0000000083f00000| PB 0x0000000083f00000| Untracked 
|  34|0x0000000084000000, 0x0000000084000000, 0x0000000084100000|  0%| F|  |TAMS 0x0000000084000000| PB 0x0000000084000000| Untracked 
|  35|0x0000000084100000, 0x0000000084100000, 0x0000000084200000|  0%| F|  |TAMS 0x0000000084100000| PB 0x0000000084100000| Untracked 
|  36|0x0000000084200000, 0x0000000084200000, 0x0000000084300000|  0%| F|  |TAMS 0x0000000084200000| PB 0x0000000084200000| Untracked 
|  37|0x0000000084300000, 0x0000000084300000, 0x0000000084400000|  0%| F|  |TAMS 0x0000000084300000| PB 0x0000000084300000| Untracked 
|  38|0x0000000084400000, 0x0000000084400000, 0x0000000084500000|  0%| F|  |TAMS 0x0000000084400000| PB 0x0000000084400000| Untracked 
|  39|0x0000000084500000, 0x0000000084500000, 0x0000000084600000|  0%| F|  |TAMS 0x0000000084500000| PB 0x0000000084500000| Untracked 
|  40|0x0000000084600000, 0x0000000084600000, 0x0000000084700000|  0%| F|  |TAMS 0x0000000084600000| PB 0x0000000084600000| Untracked 
|  41|0x0000000084700000, 0x0000000084700000, 0x0000000084800000|  0%| F|  |TAMS 0x0000000084700000| PB 0x0000000084700000| Untracked 
|  42|0x0000000084800000, 0x0000000084800000, 0x0000000084900000|  0%| F|  |TAMS 0x0000000084800000| PB 0x0000000084800000| Untracked 
|  43|0x0000000084900000, 0x0000000084900000, 0x0000000084a00000|  0%| F|  |TAMS 0x0000000084900000| PB 0x0000000084900000| Untracked 
|  44|0x0000000084a00000, 0x0000000084a00000, 0x0000000084b00000|  0%| F|  |TAMS 0x0000000084a00000| PB 0x0000000084a00000| Untracked 
|  45|0x0000000084b00000, 0x0000000084b00000, 0x0000000084c00000|  0%| F|  |TAMS 0x0000000084b00000| PB 0x0000000084b00000| Untracked 
|  80|0x0000000086e00000, 0x0000000086e00000, 0x0000000086f00000|  0%| F|  |TAMS 0x0000000086e00000| PB 0x0000000086e00000| Untracked 
|  81|0x0000000086f00000, 0x0000000086f00000, 0x0000000087000000|  0%| F|  |TAMS 0x0000000086f00000| PB 0x0000000086f00000| Untracked 
|  82|0x0000000087000000, 0x0000000087100000, 0x0000000087100000|100%| E|  |TAMS 0x0000000087000000| PB 0x0000000087000000| Complete 
|  83|0x0000000087100000, 0x0000000087200000, 0x0000000087200000|100%| E|CS|TAMS 0x0000000087100000| PB 0x0000000087100000| Complete 
|  84|0x0000000087200000, 0x0000000087300000, 0x0000000087300000|100%| E|CS|TAMS 0x0000000087200000| PB 0x0000000087200000| Complete 
|  85|0x0000000087300000, 0x0000000087400000, 0x0000000087400000|100%| E|CS|TAMS 0x0000000087300000| PB 0x0000000087300000| Complete 
|  86|0x0000000087400000, 0x0000000087500000, 0x0000000087500000|100%| E|CS|TAMS 0x0000000087400000| PB 0x0000000087400000| Complete 
| 127|0x0000000089d00000, 0x0000000089e00000, 0x0000000089e00000|100%| E|CS|TAMS 0x0000000089d00000| PB 0x0000000089d00000| Complete 

Card table byte_map: [0x0000023cbb010000,0x0000023cbb410000] _byte_map_base: 0x0000023cbac01000

Marking Bits: (CMBitMap*) 0x0000023ca35ada50
 Bits: [0x0000023cbb410000, 0x0000023cbd398000)

Polling page: 0x0000023ca2d10000

Metaspace:

Usage:
  Non-class:     58.22 MB used.
      Class:      9.32 MB used.
       Both:     67.54 MB used.

Virtual space:
  Non-class space:       64.00 MB reserved,      58.62 MB ( 92%) committed,  1 nodes.
      Class space:        1.00 GB reserved,       9.56 MB ( <1%) committed,  1 nodes.
             Both:        1.06 GB reserved,      68.19 MB (  6%) committed. 

Chunk freelists:
   Non-Class:  5.30 MB
       Class:  6.27 MB
        Both:  11.56 MB

MaxMetaspaceSize: unlimited
CompressedClassSpaceSize: 1.00 GB
Initial GC threshold: 21.00 MB
Current GC threshold: 112.44 MB
CDS: on
 - commit_granule_bytes: 65536.
 - commit_granule_words: 8192.
 - virtual_space_node_default_size: 8388608.
 - enlarge_chunks_in_place: 1.
 - use_allocation_guard: 0.


Internal statistics:

num_allocs_failed_limit: 12.
num_arena_births: 880.
num_arena_deaths: 0.
num_vsnodes_births: 2.
num_vsnodes_deaths: 0.
num_space_committed: 1091.
num_space_uncommitted: 0.
num_chunks_returned_to_freelist: 12.
num_chunks_taken_from_freelist: 3369.
num_chunk_merges: 6.
num_chunk_splits: 2471.
num_chunks_enlarged: 1969.
num_inconsistent_stats: 0.

CodeHeap 'non-profiled nmethods': size=120000Kb used=3597Kb max_used=3597Kb free=116402Kb
 bounds [0x0000023cb36e0000, 0x0000023cb3a70000, 0x0000023cbac10000]
CodeHeap 'profiled nmethods': size=120000Kb used=9199Kb max_used=9697Kb free=110800Kb
 bounds [0x0000023cabc10000, 0x0000023cac590000, 0x0000023cb3140000]
CodeHeap 'non-nmethods': size=5760Kb used=1673Kb max_used=1755Kb free=4086Kb
 bounds [0x0000023cb3140000, 0x0000023cb33b0000, 0x0000023cb36e0000]
 total_blobs=5598 nmethods=4885 adapters=616
 compilation: enabled
              stopped_count=0, restarted_count=0
 full_count=0

Compilation events (20 events):
Event: 23.951 Thread 0x0000023cbf87e3f0 5784       3       org.springframework.beans.TypeConverterSupport::<init> (5 bytes)
Event: 23.952 Thread 0x0000023cbf87e3f0 nmethod 5784 0x0000023cabe97d10 code [0x0000023cabe97ec0, 0x0000023cabe98090]
Event: 23.952 Thread 0x0000023cbf87e3f0 5785       3       org.springframework.beans.PropertyEditorRegistrySupport::<init> (15 bytes)
Event: 23.952 Thread 0x0000023cbf87e3f0 nmethod 5785 0x0000023cabc77890 code [0x0000023cabc77a40, 0x0000023cabc77bb0]
Event: 23.967 Thread 0x0000023cbf87e3f0 5786       3       org.springframework.util.ReflectionUtils::doWithFields (7 bytes)
Event: 23.967 Thread 0x0000023cbf87e3f0 nmethod 5786 0x0000023cabd0f410 code [0x0000023cabd0f5c0, 0x0000023cabd0f6e8]
Event: 24.081 Thread 0x0000023cbf87e3f0 5788       3       org.springframework.core.OrderComparator::findOrder (26 bytes)
Event: 24.082 Thread 0x0000023cbf87e3f0 nmethod 5788 0x0000023cabc7d890 code [0x0000023cabc7da80, 0x0000023cabc7e160]
Event: 24.083 Thread 0x0000023cbf87e3f0 5790       3       org.springframework.core.ResolvableType::forMethodReturnType (20 bytes)
Event: 24.085 Thread 0x0000023d05cb26c0 nmethod 5776 0x0000023cb3a5f410 code [0x0000023cb3a5fdc0, 0x0000023cb3a66e90]
Event: 24.085 Thread 0x0000023cbf87e3f0 nmethod 5790 0x0000023cabd28590 code [0x0000023cabd287c0, 0x0000023cabd28fe8]
Event: 24.085 Thread 0x0000023cbf87e3f0 5791       3       org.springframework.beans.factory.annotation.QualifierAnnotationAutowireCandidateResolver::findValue (29 bytes)
Event: 24.087 Thread 0x0000023cbf87e3f0 nmethod 5791 0x0000023cabd4d090 code [0x0000023cabd4d2c0, 0x0000023cabd4db08]
Event: 24.087 Thread 0x0000023d05cb26c0 5781       4       org.springframework.core.annotation.AnnotationsScanner::processMethodAnnotations (98 bytes)
Event: 24.106 Thread 0x0000023cbf87e3f0 5793       3       org.springframework.context.annotation.ConfigurationClassBeanDefinitionReader$ConfigurationClassBeanDefinition::cloneBeanDefinition (5 bytes)
Event: 24.107 Thread 0x0000023cbf87e3f0 nmethod 5793 0x0000023cabc68410 code [0x0000023cabc685e0, 0x0000023cabc689b8]
Event: 24.107 Thread 0x0000023cbf87e3f0 5794       3       org.springframework.context.annotation.ConfigurationClassBeanDefinitionReader$ConfigurationClassBeanDefinition::cloneBeanDefinition (9 bytes)
Event: 24.107 Thread 0x0000023cbf87e3f0 nmethod 5794 0x0000023cabc6c890 code [0x0000023cabc6ca60, 0x0000023cabc6cdc0]
Event: 24.107 Thread 0x0000023cbf87e3f0 5795       3       org.springframework.context.annotation.ConfigurationClassBeanDefinitionReader$ConfigurationClassBeanDefinition::<init> (30 bytes)
Event: 24.108 Thread 0x0000023cbf87e3f0 nmethod 5795 0x0000023cabc56910 code [0x0000023cabc56ac0, 0x0000023cabc56d58]

GC Heap History (20 events):
Event: 9.482 GC heap before
{Heap before GC invocations=6 (full 0):
 garbage-first heap   total 55296K, used 41352K [0x0000000081e00000, 0x0000000100000000)
  region size 1024K, 28 young (28672K), 3 survivors (3072K)
 Metaspace       used 29332K, committed 29824K, reserved 1114112K
  class space    used 3838K, committed 4032K, reserved 1048576K
}
Event: 9.497 GC heap after
{Heap after GC invocations=7 (full 0):
 garbage-first heap   total 55296K, used 18107K [0x0000000081e00000, 0x0000000100000000)
  region size 1024K, 3 young (3072K), 3 survivors (3072K)
 Metaspace       used 29332K, committed 29824K, reserved 1114112K
  class space    used 3838K, committed 4032K, reserved 1048576K
}
Event: 11.647 GC heap before
{Heap before GC invocations=7 (full 0):
 garbage-first heap   total 55296K, used 43707K [0x0000000081e00000, 0x0000000100000000)
  region size 1024K, 28 young (28672K), 3 survivors (3072K)
 Metaspace       used 34795K, committed 35328K, reserved 1114112K
  class space    used 4578K, committed 4800K, reserved 1048576K
}
Event: 11.664 GC heap after
{Heap after GC invocations=8 (full 0):
 garbage-first heap   total 55296K, used 20404K [0x0000000081e00000, 0x0000000100000000)
  region size 1024K, 4 young (4096K), 4 survivors (4096K)
 Metaspace       used 34795K, committed 35328K, reserved 1114112K
  class space    used 4578K, committed 4800K, reserved 1048576K
}
Event: 12.386 GC heap before
{Heap before GC invocations=8 (full 0):
 garbage-first heap   total 55296K, used 28596K [0x0000000081e00000, 0x0000000100000000)
  region size 1024K, 13 young (13312K), 4 survivors (4096K)
 Metaspace       used 35480K, committed 35968K, reserved 1114112K
  class space    used 4690K, committed 4928K, reserved 1048576K
}
Event: 12.402 GC heap after
{Heap after GC invocations=9 (full 0):
 garbage-first heap   total 55296K, used 21385K [0x0000000081e00000, 0x0000000100000000)
  region size 1024K, 1 young (1024K), 1 survivors (1024K)
 Metaspace       used 35480K, committed 35968K, reserved 1114112K
  class space    used 4690K, committed 4928K, reserved 1048576K
}
Event: 13.957 GC heap before
{Heap before GC invocations=10 (full 0):
 garbage-first heap   total 55296K, used 43913K [0x0000000081e00000, 0x0000000100000000)
  region size 1024K, 24 young (24576K), 1 survivors (1024K)
 Metaspace       used 42681K, committed 43200K, reserved 1114112K
  class space    used 5533K, committed 5760K, reserved 1048576K
}
Event: 13.964 GC heap after
{Heap after GC invocations=11 (full 0):
 garbage-first heap   total 55296K, used 23079K [0x0000000081e00000, 0x0000000100000000)
  region size 1024K, 3 young (3072K), 3 survivors (3072K)
 Metaspace       used 42681K, committed 43200K, reserved 1114112K
  class space    used 5533K, committed 5760K, reserved 1048576K
}
Event: 15.160 GC heap before
{Heap before GC invocations=11 (full 0):
 garbage-first heap   total 55296K, used 45607K [0x0000000081e00000, 0x0000000100000000)
  region size 1024K, 25 young (25600K), 3 survivors (3072K)
 Metaspace       used 48591K, committed 49152K, reserved 1114112K
  class space    used 6464K, committed 6720K, reserved 1048576K
}
Event: 15.170 GC heap after
{Heap after GC invocations=12 (full 0):
 garbage-first heap   total 55296K, used 23677K [0x0000000081e00000, 0x0000000100000000)
  region size 1024K, 3 young (3072K), 3 survivors (3072K)
 Metaspace       used 48591K, committed 49152K, reserved 1114112K
  class space    used 6464K, committed 6720K, reserved 1048576K
}
Event: 16.441 GC heap before
{Heap before GC invocations=12 (full 0):
 garbage-first heap   total 55296K, used 46205K [0x0000000081e00000, 0x0000000100000000)
  region size 1024K, 26 young (26624K), 3 survivors (3072K)
 Metaspace       used 55733K, committed 56320K, reserved 1114112K
  class space    used 7446K, committed 7744K, reserved 1048576K
}
Event: 16.452 GC heap after
{Heap after GC invocations=13 (full 0):
 garbage-first heap   total 55296K, used 24712K [0x0000000081e00000, 0x0000000100000000)
  region size 1024K, 2 young (2048K), 2 survivors (2048K)
 Metaspace       used 55733K, committed 56320K, reserved 1114112K
  class space    used 7446K, committed 7744K, reserved 1048576K
}
Event: 17.374 GC heap before
{Heap before GC invocations=13 (full 0):
 garbage-first heap   total 55296K, used 41096K [0x0000000081e00000, 0x0000000100000000)
  region size 1024K, 20 young (20480K), 2 survivors (2048K)
 Metaspace       used 59624K, committed 60288K, reserved 1114112K
  class space    used 8142K, committed 8448K, reserved 1048576K
}
Event: 17.381 GC heap after
{Heap after GC invocations=14 (full 0):
 garbage-first heap   total 55296K, used 25592K [0x0000000081e00000, 0x0000000100000000)
  region size 1024K, 3 young (3072K), 3 survivors (3072K)
 Metaspace       used 59624K, committed 60288K, reserved 1114112K
  class space    used 8142K, committed 8448K, reserved 1048576K
}
Event: 18.641 GC heap before
{Heap before GC invocations=15 (full 0):
 garbage-first heap   total 55296K, used 47096K [0x0000000081e00000, 0x0000000100000000)
  region size 1024K, 24 young (24576K), 3 survivors (3072K)
 Metaspace       used 64176K, committed 64832K, reserved 1114112K
  class space    used 8808K, committed 9088K, reserved 1048576K
}
Event: 18.655 GC heap after
{Heap after GC invocations=16 (full 0):
 garbage-first heap   total 55296K, used 27195K [0x0000000081e00000, 0x0000000100000000)
  region size 1024K, 3 young (3072K), 3 survivors (3072K)
 Metaspace       used 64176K, committed 64832K, reserved 1114112K
  class space    used 8808K, committed 9088K, reserved 1048576K
}
Event: 19.462 GC heap before
{Heap before GC invocations=16 (full 0):
 garbage-first heap   total 55296K, used 46651K [0x0000000081e00000, 0x0000000100000000)
  region size 1024K, 22 young (22528K), 3 survivors (3072K)
 Metaspace       used 65951K, committed 66624K, reserved 1114112K
  class space    used 9056K, committed 9344K, reserved 1048576K
}
Event: 19.469 GC heap after
{Heap after GC invocations=17 (full 0):
 garbage-first heap   total 55296K, used 27817K [0x0000000081e00000, 0x0000000100000000)
  region size 1024K, 2 young (2048K), 2 survivors (2048K)
 Metaspace       used 65951K, committed 66624K, reserved 1114112K
  class space    used 9056K, committed 9344K, reserved 1048576K
}
Event: 22.115 GC heap before
{Heap before GC invocations=17 (full 0):
 garbage-first heap   total 55296K, used 47273K [0x0000000081e00000, 0x0000000100000000)
  region size 1024K, 21 young (21504K), 2 survivors (2048K)
 Metaspace       used 68389K, committed 69056K, reserved 1114112K
  class space    used 9396K, committed 9664K, reserved 1048576K
}
Event: 22.122 GC heap after
{Heap after GC invocations=18 (full 0):
 garbage-first heap   total 55296K, used 29348K [0x0000000081e00000, 0x0000000100000000)
  region size 1024K, 3 young (3072K), 3 survivors (3072K)
 Metaspace       used 68389K, committed 69056K, reserved 1114112K
  class space    used 9396K, committed 9664K, reserved 1048576K
}

Dll operation events (14 events):
Event: 0.019 Loaded shared library C:\Program Files\Eclipse Adoptium\jdk-21.0.1.12-hotspot\bin\java.dll
Event: 0.077 Loaded shared library C:\Program Files\Eclipse Adoptium\jdk-21.0.1.12-hotspot\bin\jsvml.dll
Event: 0.412 Loaded shared library C:\Program Files\Eclipse Adoptium\jdk-21.0.1.12-hotspot\bin\zip.dll
Event: 0.418 Loaded shared library C:\Program Files\Eclipse Adoptium\jdk-21.0.1.12-hotspot\bin\instrument.dll
Event: 0.424 Loaded shared library C:\Program Files\Eclipse Adoptium\jdk-21.0.1.12-hotspot\bin\net.dll
Event: 0.427 Loaded shared library C:\Program Files\Eclipse Adoptium\jdk-21.0.1.12-hotspot\bin\nio.dll
Event: 0.441 Loaded shared library C:\Program Files\Eclipse Adoptium\jdk-21.0.1.12-hotspot\bin\zip.dll
Event: 0.470 Loaded shared library C:\Program Files\JetBrains\IntelliJ IDEA 2022.1.2\bin\breakgen64.dll
Event: 0.496 Loaded shared library C:\Program Files\Eclipse Adoptium\jdk-21.0.1.12-hotspot\bin\extnet.dll
Event: 0.793 Loaded shared library C:\Program Files\Eclipse Adoptium\jdk-21.0.1.12-hotspot\bin\jimage.dll
Event: 7.529 Loaded shared library C:\Program Files\Eclipse Adoptium\jdk-21.0.1.12-hotspot\bin\sunmscapi.dll
Event: 11.418 Loaded shared library C:\Program Files\Eclipse Adoptium\jdk-21.0.1.12-hotspot\bin\management.dll
Event: 11.422 Loaded shared library C:\Program Files\Eclipse Adoptium\jdk-21.0.1.12-hotspot\bin\management_ext.dll
Event: 14.163 Loaded shared library C:\Program Files\Eclipse Adoptium\jdk-21.0.1.12-hotspot\bin\verify.dll

Deoptimization events (20 events):
Event: 21.643 Thread 0x0000023ca1394b80 DEOPT UNPACKING pc=0x0000023cb31946a2 sp=0x000000f8bdef8e60 mode 2
Event: 21.643 Thread 0x0000023ca1394b80 Uncommon trap: trap_request=0xffffffc6 fr.pc=0x0000023cb39f4674 relative=0x0000000000002cf4
Event: 21.643 Thread 0x0000023ca1394b80 Uncommon trap: reason=bimorphic_or_optimized_type_check action=maybe_recompile pc=0x0000023cb39f4674 method=org.springframework.core.annotation.AnnotationsScanner.processMethodHierarchy(Ljava/lang/Object;[ILjava/lang/Class;Lorg/springframework/core/annota
Event: 21.643 Thread 0x0000023ca1394b80 DEOPT PACKING pc=0x0000023cb39f4674 sp=0x000000f8bdef8c20
Event: 21.643 Thread 0x0000023ca1394b80 DEOPT UNPACKING pc=0x0000023cb31946a2 sp=0x000000f8bdef8c48 mode 2
Event: 21.643 Thread 0x0000023ca1394b80 Uncommon trap: trap_request=0xffffffc6 fr.pc=0x0000023cb38a1058 relative=0x0000000000000af8
Event: 21.643 Thread 0x0000023ca1394b80 Uncommon trap: reason=bimorphic_or_optimized_type_check action=maybe_recompile pc=0x0000023cb38a1058 method=org.springframework.core.annotation.AnnotationsScanner.processMethodAnnotations(Ljava/lang/Object;ILjava/lang/reflect/Method;Lorg/springframework/c
Event: 21.643 Thread 0x0000023ca1394b80 DEOPT PACKING pc=0x0000023cb38a1058 sp=0x000000f8bdef8bb0
Event: 21.643 Thread 0x0000023ca1394b80 DEOPT UNPACKING pc=0x0000023cb31946a2 sp=0x000000f8bdef8b98 mode 2
Event: 21.889 Thread 0x0000023ca1394b80 Uncommon trap: trap_request=0xffffffde fr.pc=0x0000023cb37b5828 relative=0x00000000000001c8
Event: 21.889 Thread 0x0000023ca1394b80 Uncommon trap: reason=class_check action=maybe_recompile pc=0x0000023cb37b5828 method=org.springframework.boot.context.properties.source.ConfigurationPropertyName$Elements.charAt(II)C @ 43 c2
Event: 21.889 Thread 0x0000023ca1394b80 DEOPT PACKING pc=0x0000023cb37b5828 sp=0x000000f8bdef3580
Event: 21.889 Thread 0x0000023ca1394b80 DEOPT UNPACKING pc=0x0000023cb31946a2 sp=0x000000f8bdef34f8 mode 2
Event: 24.104 Thread 0x0000023ca1394b80 Uncommon trap: trap_request=0xffffff45 fr.pc=0x0000023cb389f53c relative=0x000000000000025c
Event: 24.104 Thread 0x0000023ca1394b80 Uncommon trap: reason=unstable_if action=reinterpret pc=0x0000023cb389f53c method=org.springframework.beans.factory.support.AbstractAutowireCapableBeanFactory.determineTargetType(Ljava/lang/String;Lorg/springframework/beans/factory/support/RootBeanDefinit
Event: 24.104 Thread 0x0000023ca1394b80 DEOPT PACKING pc=0x0000023cb389f53c sp=0x000000f8bdefb520
Event: 24.104 Thread 0x0000023ca1394b80 DEOPT UNPACKING pc=0x0000023cb31946a2 sp=0x000000f8bdefb508 mode 2
Event: 24.121 Thread 0x0000023ca1394b80 Uncommon trap: trap_request=0xffffff45 fr.pc=0x0000023cb36ead4c relative=0x00000000000000ac
Event: 24.121 Thread 0x0000023ca1394b80 Uncommon trap: reason=unstable_if action=reinterpret pc=0x0000023cb36ead4c method=java.lang.String.isLatin1()Z @ 10 c2
Event: 24.121 Thread 0x0000023ca1394b80 DEOPT PACKING pc=0x0000023cb36ead4c sp=0x000000f8bdefaa90

Classes loaded (20 events):
Event: 19.798 Loading class javax/crypto/ProviderVerifier
Event: 19.798 Loading class javax/crypto/ProviderVerifier done
Event: 19.798 Loading class com/sun/crypto/provider/PBKDF2Core$HmacSHA256
Event: 19.798 Loading class com/sun/crypto/provider/PBKDF2Core
Event: 19.800 Loading class javax/crypto/SecretKeyFactorySpi
Event: 19.801 Loading class javax/crypto/SecretKeyFactorySpi done
Event: 19.801 Loading class com/sun/crypto/provider/PBKDF2Core done
Event: 19.801 Loading class com/sun/crypto/provider/PBKDF2Core$HmacSHA256 done
Event: 21.321 Loading class java/nio/charset/UnsupportedCharsetException
Event: 21.321 Loading class java/nio/charset/UnsupportedCharsetException done
Event: 21.589 Loading class java/util/Comparators$NullComparator
Event: 21.589 Loading class java/util/Comparators$NullComparator done
Event: 21.731 Loading class java/util/HashMap$EntrySpliterator
Event: 21.731 Loading class java/util/HashMap$EntrySpliterator done
Event: 22.016 Loading class java/util/EnumMap$EntrySet
Event: 22.017 Loading class java/util/EnumMap$EntrySet done
Event: 22.017 Loading class java/util/EnumMap$EntryIterator
Event: 22.017 Loading class java/util/EnumMap$EnumMapIterator
Event: 22.017 Loading class java/util/EnumMap$EnumMapIterator done
Event: 22.017 Loading class java/util/EnumMap$EntryIterator done

Classes unloaded (0 events):
No events

Classes redefined (0 events):
No events

Internal exceptions (20 events):
Event: 17.444 Thread 0x0000023ca1394b80 Exception <a 'java/lang/NoSuchMethodError'{0x0000000089db82c8}: 'int java.lang.invoke.DirectMethodHandle$Holder.invokeStatic(java.lang.Object, int, java.lang.Object)'> (0x0000000089db82c8) 
thrown [s\src\hotspot\share\interpreter\linkResolver.cpp, line 773]
Event: 17.448 Thread 0x0000023ca1394b80 Exception <a 'java/lang/NoSuchMethodError'{0x0000000089dd74c8}: 'java.lang.Object java.lang.invoke.DirectMethodHandle$Holder.newInvokeSpecial(java.lang.Object, java.lang.Object, java.lang.Object, java.lang.Object, java.lang.Object, int, java.lang.Object)'> (0x0000000089dd74c8) 
thrown [s\src\hotspot\share\interpreter\linkResolver.cpp, line 773]
Event: 17.465 Thread 0x0000023ca1394b80 Exception <a 'java/lang/NoSuchMethodError'{0x0000000087418d88}: 'java.lang.Object java.lang.invoke.DirectMethodHandle$Holder.newInvokeSpecial(java.lang.Object, java.lang.Object, java.lang.Object, java.lang.Object, java.lang.Object, java.lang.Object, java.lang.Object, java.lang.Object, java.lang.Object, java.lang.Object, java.lang.Object, java.lang.Object)'> (0x0000000087418d88) 
thrown [s\src\hotspot\share\interpreter\linkResolver.cpp, line 773]
Event: 17.465 Thread 0x0000023ca1394b80 Exception <a 'java/lang/NoSuchMethodError'{0x000000008741e390}: 'java.lang.Object java.lang.invoke.DirectMethodHandle$Holder.invokeSpecial(java.lang.Object, java.lang.Object, java.lang.Object, java.lang.Object, java.lang.Object, java.lang.Object, java.lang.Object, java.lang.Object, java.lang.Object, java.lang.Object, java.lang.Object, java.lang.Object, java.lang.Object)'> (0x000000008741e390) 
thrown [s\src\hotspot\share\interpreter\linkResolver.cpp, line 773]
Event: 17.465 Thread 0x0000023ca1394b80 Exception <a 'java/lang/NoSuchMethodError'{0x0000000087423590}: 'java.lang.Object java.lang.invoke.Invokers$Holder.linkToTargetMethod(java.lang.Object, java.lang.Object, java.lang.Object, java.lang.Object, java.lang.Object, java.lang.Object, java.lang.Object, java.lang.Object, java.lang.Object, java.lang.Object, java.lang.Object, java.lang.Object)'> (0x0000000087423590) 
thrown [s\src\hotspot\share\interpreter\linkResolver.cpp, line 773]
Event: 17.543 Thread 0x0000023ca1394b80 Exception <a 'java/lang/NoSuchMethodError'{0x000000008721a0c0}: 'java.lang.Object java.lang.invoke.DirectMethodHandle$Holder.newInvokeSpecial(java.lang.Object, java.lang.Object, int, java.lang.Object, int, java.lang.Object, java.lang.Object)'> (0x000000008721a0c0) 
thrown [s\src\hotspot\share\interpreter\linkResolver.cpp, line 773]
Event: 17.560 Thread 0x0000023ca1394b80 Exception <a 'java/lang/NoSuchMethodError'{0x0000000087291e10}: 'java.lang.Object java.lang.invoke.DirectMethodHandle$Holder.newInvokeSpecial(java.lang.Object, java.lang.Object, java.lang.Object, java.lang.Object, java.lang.Object, java.lang.Object, java.lang.Object, int)'> (0x0000000087291e10) 
thrown [s\src\hotspot\share\interpreter\linkResolver.cpp, line 773]
Event: 17.560 Thread 0x0000023ca1394b80 Exception <a 'java/lang/NoSuchMethodError'{0x0000000087297098}: 'java.lang.Object java.lang.invoke.DirectMethodHandle$Holder.invokeSpecial(java.lang.Object, java.lang.Object, java.lang.Object, java.lang.Object, java.lang.Object, java.lang.Object, java.lang.Object, java.lang.Object, int)'> (0x0000000087297098) 
thrown [s\src\hotspot\share\interpreter\linkResolver.cpp, line 773]
Event: 17.561 Thread 0x0000023ca1394b80 Exception <a 'java/lang/NoSuchMethodError'{0x000000008729bdd8}: 'java.lang.Object java.lang.invoke.Invokers$Holder.linkToTargetMethod(java.lang.Object, java.lang.Object, java.lang.Object, java.lang.Object, java.lang.Object, java.lang.Object, int, java.lang.Object)'> (0x000000008729bdd8) 
thrown [s\src\hotspot\share\interpreter\linkResolver.cpp, line 773]
Event: 17.885 Thread 0x0000023ca1394b80 Exception <a 'java/lang/IncompatibleClassChangeError'{0x0000000084837848}: Found class java.lang.Object, but interface was expected> (0x0000000084837848) 
thrown [s\src\hotspot\share\interpreter\linkResolver.cpp, line 840]
Event: 17.979 Thread 0x0000023ca1394b80 Implicit null exception at 0x0000023cb3973a64 to 0x0000023cb39755b8
Event: 18.004 Thread 0x0000023ca1394b80 Exception <a 'java/lang/IncompatibleClassChangeError'{0x00000000848bd1f0}: Found class java.lang.Object, but interface was expected> (0x00000000848bd1f0) 
thrown [s\src\hotspot\share\interpreter\linkResolver.cpp, line 840]
Event: 18.066 Thread 0x0000023ca1394b80 Implicit null exception at 0x0000023cb39c4517 to 0x0000023cb39c4798
Event: 18.105 Thread 0x0000023ca1394b80 Exception <a 'java/lang/IncompatibleClassChangeError'{0x0000000084623418}: Found class java.lang.Object, but interface was expected> (0x0000000084623418) 
thrown [s\src\hotspot\share\interpreter\linkResolver.cpp, line 840]
Event: 18.564 Thread 0x0000023ca1394b80 Exception <a 'java/lang/IncompatibleClassChangeError'{0x0000000083d8d7d8}: Found class java.lang.Object, but interface was expected> (0x0000000083d8d7d8) 
thrown [s\src\hotspot\share\interpreter\linkResolver.cpp, line 840]
Event: 19.034 Thread 0x0000023ca1394b80 Exception <a 'java/lang/IncompatibleClassChangeError'{0x00000000870c5650}: Found class java.lang.Object, but interface was expected> (0x00000000870c5650) 
thrown [s\src\hotspot\share\interpreter\linkResolver.cpp, line 840]
Event: 19.265 Thread 0x0000023ca1394b80 Exception <a 'java/lang/NoSuchMethodError'{0x0000000084accb88}: 'long java.lang.invoke.DirectMethodHandle$Holder.invokeVirtual(java.lang.Object, java.lang.Object)'> (0x0000000084accb88) 
thrown [s\src\hotspot\share\interpreter\linkResolver.cpp, line 773]
Event: 19.777 Thread 0x0000023ca1394b80 Exception <a 'sun/nio/fs/WindowsException'{0x00000000871744e0}> (0x00000000871744e0) 
thrown [s\src\hotspot\share\prims\jni.cpp, line 520]
Event: 19.900 Thread 0x0000023ca1394b80 Exception <a 'java/lang/NoSuchMethodError'{0x00000000870fb190}: 'java.lang.Object java.lang.invoke.DirectMethodHandle$Holder.newInvokeSpecial(java.lang.Object, java.lang.Object, java.lang.Object, java.lang.Object, java.lang.Object, java.lang.Object, java.lang.Object, java.lang.Object)'> (0x00000000870fb190) 
thrown [s\src\hotspot\share\interpreter\linkResolver.cpp, line 773]
Event: 22.532 Thread 0x0000023ca1394b80 Exception <a 'java/lang/IncompatibleClassChangeError'{0x000000008737e120}: Found class java.lang.Object, but interface was expected> (0x000000008737e120) 
thrown [s\src\hotspot\share\interpreter\linkResolver.cpp, line 840]

ZGC Phase Switch (0 events):
No events

VM Operations (20 events):
Event: 19.461 Executing VM operation: G1CollectForAllocation (G1 Evacuation Pause)
Event: 19.470 Executing VM operation: G1CollectForAllocation (G1 Evacuation Pause) done
Event: 19.774 Executing VM operation: HandshakeAllThreads (Deoptimize)
Event: 19.774 Executing VM operation: HandshakeAllThreads (Deoptimize) done
Event: 19.797 Executing VM operation: HandshakeAllThreads (Deoptimize)
Event: 19.797 Executing VM operation: HandshakeAllThreads (Deoptimize) done
Event: 20.798 Executing VM operation: Cleanup
Event: 20.816 Executing VM operation: Cleanup done
Event: 21.527 Executing VM operation: HandshakeAllThreads (Deoptimize)
Event: 21.527 Executing VM operation: HandshakeAllThreads (Deoptimize) done
Event: 21.630 Executing VM operation: HandshakeAllThreads (Deoptimize)
Event: 21.630 Executing VM operation: HandshakeAllThreads (Deoptimize) done
Event: 22.115 Executing VM operation: G1CollectForAllocation (G1 Evacuation Pause)
Event: 22.141 Executing VM operation: G1CollectForAllocation (G1 Evacuation Pause) done
Event: 22.222 Executing VM operation: G1PauseRemark
Event: 22.245 Executing VM operation: G1PauseRemark done
Event: 22.270 Executing VM operation: G1PauseCleanup
Event: 22.304 Executing VM operation: G1PauseCleanup done
Event: 23.324 Executing VM operation: Cleanup
Event: 23.399 Executing VM operation: Cleanup done

Events (20 events):
Event: 22.227 Thread 0x0000023ca137a5e0 flushing nmethod 0x0000023cb392aa90
Event: 22.227 Thread 0x0000023ca137a5e0 flushing nmethod 0x0000023cb3920d90
Event: 22.227 Thread 0x0000023ca137a5e0 flushing nmethod 0x0000023cb38be710
Event: 22.227 Thread 0x0000023ca137a5e0 flushing nmethod 0x0000023cb38a5b90
Event: 22.227 Thread 0x0000023ca137a5e0 flushing nmethod 0x0000023cb3812890
Event: 22.227 Thread 0x0000023ca137a5e0 flushing nmethod 0x0000023cb3810310
Event: 22.227 Thread 0x0000023ca137a5e0 flushing nmethod 0x0000023cb37fff10
Event: 22.227 Thread 0x0000023ca137a5e0 flushing nmethod 0x0000023cb37fc210
Event: 22.227 Thread 0x0000023ca137a5e0 flushing nmethod 0x0000023cb37bfd10
Event: 22.227 Thread 0x0000023ca137a5e0 flushing nmethod 0x0000023cb3755890
Event: 22.227 Thread 0x0000023ca137a5e0 flushing nmethod 0x0000023cb3783c90
Event: 22.227 Thread 0x0000023ca137a5e0 flushing nmethod 0x0000023cb3782690
Event: 22.227 Thread 0x0000023ca137a5e0 flushing nmethod 0x0000023cb3787210
Event: 22.227 Thread 0x0000023ca137a5e0 flushing nmethod 0x0000023cb3785a10
Event: 22.227 Thread 0x0000023ca137a5e0 flushing nmethod 0x0000023cb377f110
Event: 22.227 Thread 0x0000023ca137a5e0 flushing nmethod 0x0000023cb374ef90
Event: 22.227 Thread 0x0000023ca137a5e0 flushing nmethod 0x0000023cb374e990
Event: 22.227 Thread 0x0000023ca137a5e0 flushing nmethod 0x0000023cb374e310
Event: 22.227 Thread 0x0000023ca137a5e0 flushing nmethod 0x0000023cb36f8010
Event: 22.227 Thread 0x0000023ca137a5e0 flushing nmethod 0x0000023cb36e0010


Dynamic libraries:
0x00007ff6af8f0000 - 0x00007ff6af8fe000 	C:\Program Files\Eclipse Adoptium\jdk-21.0.1.12-hotspot\bin\java.exe
0x00007fffecb10000 - 0x00007fffecd08000 	C:\WINDOWS\SYSTEM32\ntdll.dll
0x00007fffeb080000 - 0x00007fffeb13d000 	C:\WINDOWS\System32\KERNEL32.DLL
0x00007fffea2a0000 - 0x00007fffea596000 	C:\WINDOWS\System32\KERNELBASE.dll
0x00007fffea7e0000 - 0x00007fffea8e0000 	C:\WINDOWS\System32\ucrtbase.dll
0x00007fffbc2c0000 - 0x00007fffbc2d8000 	C:\Program Files\Eclipse Adoptium\jdk-21.0.1.12-hotspot\bin\jli.dll
0x00007fffec180000 - 0x00007fffec31e000 	C:\WINDOWS\System32\USER32.dll
0x00007fffea5a0000 - 0x00007fffea5c2000 	C:\WINDOWS\System32\win32u.dll
0x00007fffec5c0000 - 0x00007fffec5ec000 	C:\WINDOWS\System32\GDI32.dll
0x00007fffeaa40000 - 0x00007fffeab5a000 	C:\WINDOWS\System32\gdi32full.dll
0x00007fffea6b0000 - 0x00007fffea74d000 	C:\WINDOWS\System32\msvcp_win.dll
0x00007fffd6480000 - 0x00007fffd671a000 	C:\WINDOWS\WinSxS\amd64_microsoft.windows.common-controls_6595b64144ccf1df_6.0.19041.3636_none_60b6a03d71f818d5\COMCTL32.dll
0x00007fffeb140000 - 0x00007fffeb1de000 	C:\WINDOWS\System32\msvcrt.dll
0x00007fffbc2e0000 - 0x00007fffbc2fb000 	C:\Program Files\Eclipse Adoptium\jdk-21.0.1.12-hotspot\bin\VCRUNTIME140.dll
0x00007fffec340000 - 0x00007fffec370000 	C:\WINDOWS\System32\IMM32.DLL
0x00007fffd0ee0000 - 0x00007fffd0eec000 	C:\Program Files\Eclipse Adoptium\jdk-21.0.1.12-hotspot\bin\vcruntime140_1.dll
0x00007fff955f0000 - 0x00007fff9567e000 	C:\Program Files\Eclipse Adoptium\jdk-21.0.1.12-hotspot\bin\msvcp140.dll
0x00007fff838a0000 - 0x00007fff84621000 	C:\Program Files\Eclipse Adoptium\jdk-21.0.1.12-hotspot\bin\server\jvm.dll
0x00007fffec500000 - 0x00007fffec5b3000 	C:\WINDOWS\System32\ADVAPI32.dll
0x00007fffec0e0000 - 0x00007fffec17f000 	C:\WINDOWS\System32\sechost.dll
0x00007fffebf40000 - 0x00007fffec066000 	C:\WINDOWS\System32\RPCRT4.dll
0x00007fffea5d0000 - 0x00007fffea5f7000 	C:\WINDOWS\System32\bcrypt.dll
0x00007fffeb560000 - 0x00007fffeb5cb000 	C:\WINDOWS\System32\WS2_32.dll
0x00007fffe9740000 - 0x00007fffe978b000 	C:\WINDOWS\SYSTEM32\POWRPROF.dll
0x00007fffd8b70000 - 0x00007fffd8b97000 	C:\WINDOWS\SYSTEM32\WINMM.dll
0x00007fffe3770000 - 0x00007fffe377a000 	C:\WINDOWS\SYSTEM32\VERSION.dll
0x00007fffe95b0000 - 0x00007fffe95c2000 	C:\WINDOWS\SYSTEM32\UMPDC.dll
0x00007fffe8050000 - 0x00007fffe8062000 	C:\WINDOWS\SYSTEM32\kernel.appcore.dll
0x00007fffd0d20000 - 0x00007fffd0d2a000 	C:\Program Files\Eclipse Adoptium\jdk-21.0.1.12-hotspot\bin\jimage.dll
0x00007fffd8360000 - 0x00007fffd8544000 	C:\WINDOWS\SYSTEM32\DBGHELP.DLL
0x00007fffd7910000 - 0x00007fffd7944000 	C:\WINDOWS\SYSTEM32\dbgcore.DLL
0x00007fffea750000 - 0x00007fffea7d2000 	C:\WINDOWS\System32\bcryptPrimitives.dll
0x00007fffd04c0000 - 0x00007fffd04cf000 	C:\Program Files\Eclipse Adoptium\jdk-21.0.1.12-hotspot\bin\instrument.dll
0x00007fffc12b0000 - 0x00007fffc12cf000 	C:\Program Files\Eclipse Adoptium\jdk-21.0.1.12-hotspot\bin\java.dll
0x00007fffeb760000 - 0x00007fffebea5000 	C:\WINDOWS\System32\SHELL32.dll
0x00007fffe8250000 - 0x00007fffe89eb000 	C:\WINDOWS\SYSTEM32\windows.storage.dll
0x00007fffead20000 - 0x00007fffeb074000 	C:\WINDOWS\System32\combase.dll
0x00007fffe9b30000 - 0x00007fffe9b5d000 	C:\WINDOWS\SYSTEM32\Wldp.dll
0x00007fffeb4b0000 - 0x00007fffeb55d000 	C:\WINDOWS\System32\SHCORE.dll
0x00007fffeb5d0000 - 0x00007fffeb625000 	C:\WINDOWS\System32\shlwapi.dll
0x00007fffea110000 - 0x00007fffea135000 	C:\WINDOWS\SYSTEM32\profapi.dll
0x00007fff956c0000 - 0x00007fff95797000 	C:\Program Files\Eclipse Adoptium\jdk-21.0.1.12-hotspot\bin\jsvml.dll
0x00007fffbc400000 - 0x00007fffbc418000 	C:\Program Files\Eclipse Adoptium\jdk-21.0.1.12-hotspot\bin\zip.dll
0x00007fffd0700000 - 0x00007fffd0710000 	C:\Program Files\Eclipse Adoptium\jdk-21.0.1.12-hotspot\bin\net.dll
0x00007fffe0b00000 - 0x00007fffe0c0a000 	C:\WINDOWS\SYSTEM32\WINHTTP.dll
0x00007fffe9910000 - 0x00007fffe997a000 	C:\WINDOWS\system32\mswsock.dll
0x00007fffbc420000 - 0x00007fffbc436000 	C:\Program Files\Eclipse Adoptium\jdk-21.0.1.12-hotspot\bin\nio.dll
0x00007fffbb330000 - 0x00007fffbb34a000 	C:\Program Files\JetBrains\IntelliJ IDEA 2022.1.2\bin\breakgen64.dll
0x00007fffd0670000 - 0x00007fffd0677000 	C:\Program Files\Eclipse Adoptium\jdk-21.0.1.12-hotspot\bin\extnet.dll
0x00007fffc3670000 - 0x00007fffc367e000 	C:\Program Files\Eclipse Adoptium\jdk-21.0.1.12-hotspot\bin\sunmscapi.dll
0x00007fffea8e0000 - 0x00007fffeaa3d000 	C:\WINDOWS\System32\CRYPT32.dll
0x00007fffe9ba0000 - 0x00007fffe9bc8000 	C:\WINDOWS\SYSTEM32\ncrypt.dll
0x00007fffe9b60000 - 0x00007fffe9b9b000 	C:\WINDOWS\SYSTEM32\NTASN1.dll
0x00007fffe9ea0000 - 0x00007fffe9eb8000 	C:\WINDOWS\SYSTEM32\CRYPTSP.dll
0x00007fffe91f0000 - 0x00007fffe9224000 	C:\WINDOWS\system32\rsaenh.dll
0x00007fffea0d0000 - 0x00007fffea0fe000 	C:\WINDOWS\SYSTEM32\USERENV.dll
0x00007fffe9aa0000 - 0x00007fffe9aac000 	C:\WINDOWS\SYSTEM32\CRYPTBASE.dll
0x00007fffe95d0000 - 0x00007fffe960b000 	C:\WINDOWS\SYSTEM32\IPHLPAPI.DLL
0x00007fffec5f0000 - 0x00007fffec5f8000 	C:\WINDOWS\System32\NSI.dll
0x00007fffc3390000 - 0x00007fffc339a000 	C:\Program Files\Eclipse Adoptium\jdk-21.0.1.12-hotspot\bin\management.dll
0x00007fffbc230000 - 0x00007fffbc23b000 	C:\Program Files\Eclipse Adoptium\jdk-21.0.1.12-hotspot\bin\management_ext.dll
0x00007fffeac30000 - 0x00007fffeac38000 	C:\WINDOWS\System32\PSAPI.DLL
0x00007fffc87c0000 - 0x00007fffc87d0000 	C:\Program Files\Eclipse Adoptium\jdk-21.0.1.12-hotspot\bin\verify.dll

dbghelp: loaded successfully - version: 4.0.5 - missing functions: none
symbol engine: initialized successfully - sym options: 0x614 - pdb path: .;C:\Program Files\Eclipse Adoptium\jdk-21.0.1.12-hotspot\bin;C:\WINDOWS\SYSTEM32;C:\WINDOWS\WinSxS\amd64_microsoft.windows.common-controls_6595b64144ccf1df_6.0.19041.3636_none_60b6a03d71f818d5;C:\Program Files\Eclipse Adoptium\jdk-21.0.1.12-hotspot\bin\server;C:\Program Files\JetBrains\IntelliJ IDEA 2022.1.2\bin

VM Arguments:
jvm_args: -ea -Didea.test.cyclic.buffer.size=1048576 -javaagent:C:\Program Files\JetBrains\IntelliJ IDEA 2022.1.2\lib\idea_rt.jar=64626:C:\Program Files\JetBrains\IntelliJ IDEA 2022.1.2\bin -Dfile.encoding=UTF-8 
java_command: com.intellij.rt.junit.JUnitStarter -ideVersion5 -junit5 com.generation.blogpessoal.controller.UsuarioControllerTest,deveCriarUmUsuario
java_class_path (initial): C:\Users\INFOWAY\.m2\repository\org\junit\platform\junit-platform-launcher\1.10.1\junit-platform-launcher-1.10.1.jar;C:\Program Files\JetBrains\IntelliJ IDEA 2022.1.2\lib\idea_rt.jar;C:\Program Files\JetBrains\IntelliJ IDEA 2022.1.2\plugins\junit\lib\junit5-rt.jar;C:\Program Files\JetBrains\IntelliJ IDEA 2022.1.2\plugins\junit\lib\junit-rt.jar;C:\Users\INFOWAY\IntelliJProjects\blogpessoal\target\test-classes;C:\Users\INFOWAY\IntelliJProjects\blogpessoal\target\classes;C:\Users\INFOWAY\.m2\repository\io\jsonwebtoken\jjwt-api\0.11.5\jjwt-api-0.11.5.jar;C:\Users\INFOWAY\.m2\repository\io\jsonwebtoken\jjwt-impl\0.11.5\jjwt-impl-0.11.5.jar;C:\Users\INFOWAY\.m2\repository\io\jsonwebtoken\jjwt-jackson\0.11.5\jjwt-jackson-0.11.5.jar;C:\Users\INFOWAY\.m2\repository\com\fasterxml\jackson\core\jackson-databind\2.15.3\jackson-databind-2.15.3.jar;C:\Users\INFOWAY\.m2\repository\com\fasterxml\jackson\core\jackson-annotations\2.15.3\jackson-annotations-2.15.3.jar;C:\Users\INFOWAY\.m2\repository\com\fasterxml\jackson\core\jackson-core\2.15.3\jackson-core-2.15.3.jar;C:\Users\INFOWAY\.m2\repository\org\springframework\boot\spring-boot-starter-security\3.2.1\spring-boot-starter-security-3.2.1.jar;C:\Users\INFOWAY\.m2\repository\org\springframework\boot\spring-boot-starter\3.2.1\spring-boot-starter-3.2.1.jar;C:\Users\INFOWAY\.m2\repository\org\springframework\boot\spring-boot-starter-logging\3.2.1\spring-boot-starter-logging-3.2.1.jar;C:\Users\INFOWAY\.m2\repository\ch\qos\logback\logback-classic\1.4.14\logback-classic-1.4.14.jar;C:\Users\INFOWAY\.m2\repository\ch\qos\logback\logback-core\1.4.14\logback-core-1.4.14.jar;C:\Users\INFOWAY\.m2\repository\org\apache\logging\log4j\log4j-to-slf4j\2.21.1\log4j-to-slf4j-2.21.1.jar;C:\Users\INFOWAY\.m2\repository\org\apache\logging\log4j\log4j-api\2.21.1\log4j-api-2.21.1.jar;C:\Users\INFOWAY\.m2\repository\org\slf4j\jul-to-slf4j\2.0.9\jul-to-slf4j-2.0.9.jar;C:\Users\INFOWAY\.m2\repository\jakarta\annotation\jakarta.annotation-api\2.1.1\jakarta.annotation-api-2.1.1.jar;C:\Users\INFOWAY\.m2\repository\org\yaml\snakeyaml\2.2\snakeyaml-2.2.jar;C:\Users\INFOWAY\.m2\repository\org\springframework\spring-aop\6.1.2\spring-aop-6.1.2.jar;C:\Users\INFOWAY\.m2\repository\org\springframework\spring-beans\6.1.2\spring-beans-6.1.2.jar;C:\Users\INFOWAY\.m2\repository\org\springframework\security\spring-security-config\6.2.1\spring-security-config-6.2.1.jar;C:\Users\INFOWAY\.m2\repository\org\springframework\security\spring-security-core\6.2.1\spring-security-core-6.2.1.jar;C:\Users\INFOWAY\.m2\repository\org\springframework\security\spring-security-crypto\6.2.1\spring-security-crypto-6.2.1.jar;C:\Users\INFOWAY\.m2\repository\org\springframework\spring-context\6.1.2\spring-context-6.1.2.jar;C:\Users\INFOWAY\.m2\repository\org\springframework\security\spring-security-web\6.2.1\spring-security-web-6.2.1.jar;C:\Users\INFOWAY\.m2\repository\org\springframework\spring-expression\6.1.2\spring-expression-6.1.2.jar;C:\Users\INFOWAY\.m2\repository\org\springframework\boot\spring-boot-starter-data-jpa\3.2.1\spring-boot-starter-data-jpa-3.2.1.jar;C:\Users\INFOWAY\.m2\repository\org\springframework\boot\spring-boot-starter-aop\3.2.1\spring-boot-starter-aop-3.2.1.jar;C:\Users\INFOWAY\.m2\repository\org\aspectj\aspectjweaver\1.9.21\aspectjweaver-1.9.21.jar;C:\Users\INFOWAY\.m2\repository\org\springframework\boot\spring-boot-starter-jdbc\3.2.1\spring-boot-starter-jdbc-3.2.1.jar;C:\Users\INFOWAY\.m2\repository\com\zaxxer\HikariCP\5.0.1\HikariCP-5.0.1.jar;C:\Users\INFOWAY\.m2\repository\org\springframework\spring-jdbc\6.1.2\spring-jdbc-6.1.2.jar;C:\Users\INFOWAY\.m2\repository\org\hibernate\orm\hibernate-core\6.4.1.Final\hibernate-core-6.4.1.Final.jar;C:\Users\INFOWAY\.m2\repository\jakarta\persistence\jakarta.persistence-api\3.1.0\jakarta.persistence-api-3.1.0.jar;C:\Users\INFOWAY\.m2\repository\jakarta\transaction\jakarta.transaction-api\2.0.1\jakarta.transaction-api-2.0.1.jar;C:\Users\INFOWAY\.m2\repository\org\jboss\logging\jboss-logging\3.5.3.Final\jboss-logging-3.5.3.Final.jar;C:\Users\INFOWAY\.m2\repository\org\hibernate\common\hibernate-commons-annotations\6.0.6.Final\hibernate-commons-annotations-6.0.6.Final.jar;C:\Users\INFOWAY\.m2\repository\io\smallrye\jandex\3.1.2\jandex-3.1.2.jar;C:\Users\INFOWAY\.m2\repository\com\fasterxml\classmate\1.6.0\classmate-1.6.0.jar;C:\Users\INFOWAY\.m2\repository\net\bytebuddy\byte-buddy\1.14.10\byte-buddy-1.14.10.jar;C:\Users\INFOWAY\.m2\repository\org\glassfish\jaxb\jaxb-runtime\4.0.4\jaxb-runtime-4.0.4.jar;C:\Users\INFOWAY\.m2\repository\org\glassfish\jaxb\jaxb-core\4.0.4\jaxb-core-4.0.4.jar;C:\Users\INFOWAY\.m2\repository\org\eclipse\angus\angus-activation\2.0.1\angus-activation-2.0.1.jar;C:\Users\INFOWAY\.m2\repository\org\glassfish\jaxb\txw2\4.0.4\txw2-4.0.4.jar;C:\Users\INFOWAY\.m2\repository\com\sun\istack\istack-commons-runtime\4.1.2\istack-commons-runtime-4.1.2.jar;C:\Users\INFOWAY\.m2\repository\jakarta\inject\jakarta.inject-api\2.0.1\jakarta.inject-api-2.0.1.jar;C:\Users\INFOWAY\.m2\repository\org\antlr\antlr4-runtime\4.13.0\antlr4-runtime-4.13.0.jar;C:\Users\INFOWAY\.m2\repository\org\springframework\data\spring-data-jpa\3.2.1\spring-data-jpa-3.2.1.jar;C:\Users\INFOWAY\.m2\repository\org\springframework\data\spring-data-commons\3.2.1\spring-data-commons-3.2.1.jar;C:\Users\INFOWAY\.m2\repository\org\springframework\spring-orm\6.1.2\spring-orm-6.1.2.jar;C:\Users\INFOWAY\.m2\repository\org\springframework\spring-tx\6.1.2\spring-tx-6.1.2.jar;C:\Users\INFOWAY\.m2\repository\org\slf4j\slf4j-api\2.0.9\slf4j-api-2.0.9.jar;C:\Users\INFOWAY\.m2\repository\org\springframework\spring-aspects\6.1.2\spring-aspects-6.1.2.jar;C:\Users\INFOWAY\.m2\repository\org\springframework\boot\spring-boot-starter-validation\3.2.1\spring-boot-starter-validation-3.2.1.jar;C:\Users\INFOWAY\.m2\repository\org\apache\tomcat\embed\tomcat-embed-el\10.1.17\tomcat-embed-el-10.1.17.jar;C:\Users\INFOWAY\.m2\repository\org\hibernate\validator\hibernate-validator\8.0.1.Final\hibernate-validator-8.0.1.Final.jar;C:\Users\INFOWAY\.m2\repository\jakarta\validation\jakarta.validation-api\3.0.2\jakarta.validation-api-3.0.2.jar;C:\Users\INFOWAY\.m2\repository\org\springframework\boot\spring-boot-starter-web\3.2.1\spring-boot-starter-web-3.2.1.jar;C:\Users\INFOWAY\.m2\repository\org\springframework\boot\spring-boot-starter-json\3.2.1\spring-boot-starter-json-3.2.1.jar;C:\Users\INFOWAY\.m2\repository\com\fasterxml\jackson\datatype\jackson-datatype-jdk8\2.15.3\jackson-datatype-jdk8-2.15.3.jar;C:\Users\INFOWAY\.m2\repository\com\fasterxml\jackson\datatype\jackson-datatype-jsr310\2.15.3\jackson-datatype-jsr310-2.15.3.jar;C:\Users\INFOWAY\.m2\repository\com\fasterxml\jackson\module\jackson-module-parameter-names\2.15.3\jackson-module-parameter-names-2.15.3.jar;C:\Users\INFOWAY\.m2\repository\org\springframework\boot\spring-boot-starter-tomcat\3.2.1\spring-boot-starter-tomcat-3.2.1.jar;C:\Users\INFOWAY\.m2\repository\org\apache\tomcat\embed\tomcat-embed-core\10.1.17\tomcat-embed-core-10.1.17.jar;C:\Users\INFOWAY\.m2\repository\org\apache\tomcat\embed\tomcat-embed-websocket\10.1.17\tomcat-embed-websocket-10.1.17.jar;C:\Users\INFOWAY\.m2\repository\org\springframework\spring-web\6.1.2\spring-web-6.1.2.jar;C:\Users\INFOWAY\.m2\repository\io\micrometer\micrometer-observation\1.12.1\micrometer-observation-1.12.1.jar;C:\Users\INFOWAY\.m2\repository\io\micrometer\micrometer-commons\1.12.1\micrometer-commons-1.12.1.jar;C:\Users\INFOWAY\.m2\repository\org\springframework\spring-webmvc\6.1.2\spring-webmvc-6.1.2.jar;C:\Users\INFOWAY\.m2\repository\org\springframework\boot\spring-boot-devtools\3.2.1\spring-boot-devtools-3.2.1.jar;C:\Users\INFOWAY\.m2\repository\org\springframework\boot\spring-boot\3.2.1\spring-boot-3.2.1.jar;C:\Users\INFOWAY\.m2\repository\org\springframework\boot\spring-boot-autoconfigure\3.2.1\spring-boot-autoconfigure-3.2.1.jar;C:\Users\INFOWAY\.m2\repository\com\mysql\mysql-connector-j\8.1.0\mysql-connector-j-8.1.0.jar;C:\Users\INFOWAY\.m2\repository\org\springframework\boot\spring-boot-starter-test\3.2.1\spring-boot-starter-test-3.2.1.jar;C:\Users\INFOWAY\.m2\repository\org\springframework\boot\spring-boot-test\3.2.1\spring-boot-test-3.2.1.jar;C:\Users\INFOWAY\.m2\repository\org\springframework\boot\spring-boot-test-autoconfigure\3.2.1\spring-boot-test-autoconfigure-3.2.1.jar;C:\Users\INFOWAY\.m2\repository\com\jayway\jsonpath\json-path\2.8.0\json-path-2.8.0.jar;C:\Users\INFOWAY\.m2\repository\jakarta\xml\bind\jakarta.xml.bind-api\4.0.1\jakarta.xml.bind-api-4.0.1.jar;C:\Users\INFOWAY\.m2\repository\jakarta\activation\jakarta.activation-api\2.1.2\jakarta.activation-api-2.1.2.jar;C:\Users\INFOWAY\.m2\repository\net\minidev\json-smart\2.5.0\json-smart-2.5.0.jar;C:\Users\INFOWAY\.m2\repository\net\minidev\accessors-smart\2.5.0\accessors-smart-2.5.0.jar;C:\Users\INFOWAY\.m2\repository\org\ow2\asm\asm\9.3\asm-9.3.jar;C:\Users\INFOWAY\.m2\repository\org\assertj\assertj-core\3.24.2\assertj-core-3.24.2.jar;C:\Users\INFOWAY\.m2\repository\org\awaitility\awaitility\4.2.0\awaitility-4.2.0.jar;C:\Users\INFOWAY\.m2\repository\org\hamcrest\hamcrest\2.2\hamcrest-2.2.jar;C:\Users\INFOWAY\.m2\repository\org\junit\jupiter\junit-jupiter\5.10.1\junit-jupiter-5.10.1.jar;C:\Users\INFOWAY\.m2\repository\org\junit\jupiter\junit-jupiter-api\5.10.1\junit-jupiter-api-5.10.1.jar;C:\Users\INFOWAY\.m2\repository\org\opentest4j\opentest4j\1.3.0\opentest4j-1.3.0.jar;C:\Users\INFOWAY\.m2\repository\org\junit\platform\junit-platform-commons\1.10.1\junit-platform-commons-1.10.1.jar;C:\Users\INFOWAY\.m2\repository\org\apiguardian\apiguardian-api\1.1.2\apiguardian-api-1.1.2.jar;C:\Users\INFOWAY\.m2\repository\org\junit\jupiter\junit-jupiter-params\5.10.1\junit-jupiter-params-5.10.1.jar;C:\Users\INFOWAY\.m2\repository\org\junit\jupiter\junit-jupiter-engine\5.10.1\junit-jupiter-engine-5.10.1.jar;C:\Users\INFOWAY\.m2\repository\org\junit\platform\junit-platform-engine\1.10.1\junit-platform-engine-1.10.1.jar;C:\Users\INFOWAY\.m2\repository\org\mockito\mockito-core\5.7.0\mockito-core-5.7.0.jar;C:\Users\INFOWAY\.m2\repository\net\bytebuddy\byte-buddy-agent\1.14.10\byte-buddy-agent-1.14.10.jar;C:\Users\INFOWAY\.m2\repository\org\objenesis\objenesis\3.3\objenesis-3.3.jar;C:\Users\INFOWAY\.m2\repository\org\mockito\mockito-junit-jupiter\5.7.0\mockito-junit-jupiter-5.7.0.jar;C:\Users\INFOWAY\.m2\repository\org\skyscreamer\jsonassert\1.5.1\jsonassert-1.5.1.jar;C:\Users\INFOWAY\.m2\repository\com\vaadin\external\google\android-json\0.0.20131108.vaadin1\android-json-0.0.20131108.vaadin1.jar;C:\Users\INFOWAY\.m2\repository\org\springframework\spring-core\6.1.2\spring-core-6.1.2.jar;C:\Users\INFOWAY\.m2\repository\org\springframework\spring-jcl\6.1.2\spring-jcl-6.1.2.jar;C:\Users\INFOWAY\.m2\repository\org\springframework\spring-test\6.1.2\spring-test-6.1.2.jar;C:\Users\INFOWAY\.m2\repository\org\xmlunit\xmlunit-core\2.9.1\xmlunit-core-2.9.1.jar;C:\Users\INFOWAY\.m2\repository\com\h2database\h2\2.2.224\h2-2.2.224.jar
Launcher Type: SUN_STANDARD

[Global flags]
     intx CICompilerCount                          = 3                                         {product} {ergonomic}
     uint ConcGCThreads                            = 1                                         {product} {ergonomic}
     uint G1ConcRefinementThreads                  = 4                                         {product} {ergonomic}
   size_t G1HeapRegionSize                         = 1048576                                   {product} {ergonomic}
    uintx GCDrainStackTargetSize                   = 64                                        {product} {ergonomic}
   size_t InitialHeapSize                          = 134217728                                 {product} {ergonomic}
   size_t MarkStackSize                            = 4194304                                   {product} {ergonomic}
   size_t MaxHeapSize                              = 2116026368                                {product} {ergonomic}
   size_t MaxNewSize                               = 1268776960                                {product} {ergonomic}
   size_t MinHeapDeltaBytes                        = 1048576                                   {product} {ergonomic}
   size_t MinHeapSize                              = 8388608                                   {product} {ergonomic}
    uintx NonNMethodCodeHeapSize                   = 5832780                                {pd product} {ergonomic}
    uintx NonProfiledCodeHeapSize                  = 122912730                              {pd product} {ergonomic}
    uintx ProfiledCodeHeapSize                     = 122912730                              {pd product} {ergonomic}
    uintx ReservedCodeCacheSize                    = 251658240                              {pd product} {ergonomic}
     bool SegmentedCodeCache                       = true                                      {product} {ergonomic}
   size_t SoftMaxHeapSize                          = 2116026368                             {manageable} {ergonomic}
     bool UseCompressedOops                        = true                           {product lp64_product} {ergonomic}
     bool UseG1GC                                  = true                                      {product} {ergonomic}
     bool UseLargePagesIndividualAllocation        = false                                  {pd product} {ergonomic}

Logging:
Log output configuration:
 #0: stdout all=warning uptime,level,tags foldmultilines=false
 #1: stderr all=off uptime,level,tags foldmultilines=false

Environment Variables:
JAVA_HOME=C:\Program Files\Eclipse Adoptium\jdk-21.0.1.12-hotspot
PATH=C:\Program Files (x86)\Common Files\Intel\Shared Libraries\bin32;C:\Program Files (x86)\Common Files\Intel\Shared Libraries\bin;C:\Program Files\Eclipse Adoptium\jdk-21.0.1.12-hotspot\bin;C:\Program Files\Eclipse Adoptium\jre-8.0.392.8-hotspot\bin;C:\Program Files\Eclipse Adoptium\jre-17.0.9.9-hotspot\bin;C:\Python312\Scripts\;C:\Python312\;C:\Python311\Scripts\;C:\Python311\;C:\Python27\;C:\Python27\Scripts;C:\Program Files\Eclipse Adoptium\jre-17.0.8.7-hotspot\bin;C:\Program Files (x86)\Common Files\Oracle\Java\javapath;C:\Program Files (x86)\Common Files\Intel\Shared Files\cpp\bin\Intel64;C:\WINDOWS\system32;C:\WINDOWS;C:\WINDOWS\System32\Wbem;C:\WINDOWS\System32\WindowsPowerShell\v1.0\;C:\WINDOWS\System32\OpenSSH\;C:\Program Files\dotnet\;C:\ProgramData\chocolatey\bin;C:\Program Files\LLVM\bin;C:\Program Files\Microsoft VS Code\bin;C:\Program Files (x86)\oh-my-posh\bin;C:\tools\BCURRAN3;C:\Program Files\PowerShell\7\;C:\Program Files\Git\cmd;C:\ProgramData\UNIVALI\Portugol Studio;C:\Program Files\nodejs\;C:\Users\INFOWAY\AppData\Local\pnpm;C:\Users\INFOWAY\AppData\Local\Microsoft\WindowsApps;;C:\Program Files\JetBrains\WebStorm 2022.2\bin;;C:\tools\neovim\nvim-win64\bin;C:\ProgramData\chocolatey\lib\mingw\tools\install\mingw64\bin;C:\Users\INFOWAY\Documents\PowerShell\Scripts;C:\Users\INFOWAY\AppData\Local\spicetify;C:\ProgramData\mingw64\mingw64\bin;C:\tools\mysql\current\bin;C:\Users\INFOWAY\AppData\Roaming\npm
USERNAME=INFOWAY
OS=Windows_NT
PROCESSOR_IDENTIFIER=Intel64 Family 6 Model 142 Stepping 9, GenuineIntel
TMP=C:\Users\INFOWAY\AppData\Local\Temp
TEMP=C:\Users\INFOWAY\AppData\Local\Temp




Periodic native trim disabled

---------------  S Y S T E M  ---------------

OS:
 Windows 10 , 64 bit Build 19041 (10.0.19041.3636)
OS uptime: 1 days 17:44 hours
Hyper-V role detected

CPU: total 4 (initial active 4) (2 cores per cpu, 2 threads per core) family 6 model 142 stepping 9 microcode 0xb4, cx8, cmov, fxsr, ht, mmx, 3dnowpref, sse, sse2, sse3, ssse3, sse4.1, sse4.2, popcnt, lzcnt, tsc, tscinvbit, avx, avx2, aes, erms, clmul, bmi1, bmi2, adx, fma, vzeroupper, clflush, clflushopt, hv, rdtscp, f16c
Processor Information for all 4 processors :
  Max Mhz: 2712, Current Mhz: 2511, Mhz Limit: 2495

Memory: 4k page, system-wide physical 8066M (495M free)
TotalPageFile size 12162M (AvailPageFile size 9M)
current process WorkingSet (physical memory assigned to process): 251M, peak: 256M
current process commit charge ("private bytes"): 283M, peak: 289M

vm_info: OpenJDK 64-Bit Server VM (21.0.1+12-LTS) for windows-amd64 JRE (21.0.1+12-LTS), built on 2023-10-17T00:00:00Z by "admin" with unknown MS VC++:1937

END.
